[2026-03-12 00:38:55] Monitor started
[2026-03-12 00:40:01] Checking agents...
Checking task: add-health-check
✅ Task add-health-check is running
[2026-03-12 00:40:01] Check complete.
[2026-03-12 00:50:01] Checking agents...
No running tasks found.
[2026-03-12 01:00:01] Checking agents...
No running tasks found.
[2026-03-12 01:10:01] Checking agents...
No running tasks found.
[2026-03-12 01:20:01] Checking agents...
No running tasks found.
[2026-03-12 01:30:01] Checking agents...
No running tasks found.
[2026-03-12 01:40:01] Checking agents...
No running tasks found.
[2026-03-12 01:50:01] Checking agents...
No running tasks found.
[2026-03-12 02:00:01] Checking agents...
No running tasks found.
[2026-03-12 02:10:01] Checking agents...
No running tasks found.
[2026-03-12 02:20:01] Checking agents...
No running tasks found.
[2026-03-12 02:30:01] Checking agents...
No running tasks found.
[2026-03-12 02:40:01] Checking agents...
No running tasks found.
[2026-03-12 02:50:01] Checking agents...
No running tasks found.
[2026-03-12 03:00:01] Checking agents...
No running tasks found.
[2026-03-12 03:10:01] Checking agents...
No running tasks found.
[2026-03-12 03:20:01] Checking agents...
No running tasks found.
[2026-03-12 03:30:01] Checking agents...
No running tasks found.
[2026-03-12 03:40:01] Checking agents...
No running tasks found.
[2026-03-12 03:50:01] Checking agents...
No running tasks found.
[2026-03-12 04:00:01] Checking agents...
No running tasks found.
[2026-03-12 04:10:01] Checking agents...
No running tasks found.
[2026-03-12 04:20:01] Checking agents...
No running tasks found.
[2026-03-12 04:30:01] Checking agents...
No running tasks found.
[2026-03-12 04:40:01] Checking agents...
No running tasks found.
[2026-03-12 04:50:01] Checking agents...
No running tasks found.
[2026-03-12 05:00:01] Checking agents...
No running tasks found.
[2026-03-12 05:10:01] Checking agents...
No running tasks found.
[2026-03-12 05:20:01] Checking agents...
No running tasks found.
[2026-03-12 05:30:01] Checking agents...
No running tasks found.
[2026-03-12 05:40:01] Checking agents...
No running tasks found.
[2026-03-12 05:50:01] Checking agents...
No running tasks found.
[2026-03-12 06:00:01] Checking agents...
No running tasks found.
[2026-03-12 06:10:01] Checking agents...
No running tasks found.
[2026-03-12 06:20:01] Checking agents...
No running tasks found.
[2026-03-12 06:30:01] Checking agents...
No running tasks found.
[2026-03-12 06:40:01] Checking agents...
No running tasks found.
[2026-03-12 06:50:01] Checking agents...
No running tasks found.
[2026-03-12 07:00:01] Checking agents...
No running tasks found.
[2026-03-12 07:10:01] Checking agents...
No running tasks found.
[2026-03-12 07:20:01] Checking agents...
No running tasks found.
[2026-03-12 07:30:01] Checking agents...
No running tasks found.
[2026-03-12 07:40:01] Checking agents...
No running tasks found.
[2026-03-12 07:50:01] Checking agents...
No running tasks found.
[2026-03-12 08:00:01] Checking agents...
No running tasks found.
[2026-03-12 08:10:01] Checking agents...
No running tasks found.
[2026-03-12 08:20:01] Checking agents...
No running tasks found.
[2026-03-12 08:30:01] Checking agents...
No running tasks found.
[2026-03-12 08:40:01] Checking agents...
No running tasks found.
[2026-03-12 08:50:01] Checking agents...
No running tasks found.
[2026-03-12 09:00:01] Checking agents...
No running tasks found.
[2026-03-12 09:10:01] Checking agents...
No running tasks found.
[2026-03-12 09:20:01] Checking agents...
No running tasks found.
[2026-03-12 09:30:01] Checking agents...
No running tasks found.
[2026-03-12 09:40:01] Checking agents...
No running tasks found.
[2026-03-12 09:50:01] Checking agents...
No running tasks found.
[2026-03-12 10:00:01] Checking agents...
No running tasks found.
[2026-03-12 10:10:01] Checking agents...
No running tasks found.
[2026-03-12 10:20:01] Checking agents...
No running tasks found.
[2026-03-12 10:30:01] Checking agents...
No running tasks found.
[2026-03-12 10:40:01] Checking agents...
No running tasks found.
[2026-03-12 10:50:01] Checking agents...
No running tasks found.
[2026-03-12 11:00:01] Checking agents...
No running tasks found.
[2026-03-12 11:10:01] Checking agents...
No running tasks found.
[2026-03-12 11:20:01] Checking agents...
No running tasks found.
[2026-03-12 11:30:01] Checking agents...
No running tasks found.
[2026-03-12 11:40:01] Checking agents...
No running tasks found.
[2026-03-12 11:50:01] Checking agents...
No running tasks found.
[2026-03-12 12:00:01] Checking agents...
No running tasks found.
[2026-03-12 12:10:01] Checking agents...
No running tasks found.
[2026-03-12 12:20:01] Checking agents...
No running tasks found.
[2026-03-12 12:30:01] Checking agents...
No running tasks found.
[2026-03-12 12:40:01] Checking agents...
No running tasks found.
[2026-03-12 12:50:01] Checking agents...
No running tasks found.
[2026-03-12 13:00:01] Checking agents...
No running tasks found.
[2026-03-12 13:10:01] Checking agents...
No running tasks found.
[2026-03-12 13:20:01] Checking agents...
No running tasks found.
[2026-03-12 13:30:01] Checking agents...
No running tasks found.
[2026-03-12 13:40:01] Checking agents...
No running tasks found.
[2026-03-12 13:50:01] Checking agents...
No running tasks found.
[2026-03-12 14:00:01] Checking agents...
No running tasks found.
[2026-03-12 14:10:01] Checking agents...
No running tasks found.
[2026-03-12 14:20:01] Checking agents...
No running tasks found.
[2026-03-12 14:30:01] Checking agents...
No running tasks found.
[2026-03-12 14:40:01] Checking agents...
No running tasks found.
[2026-03-12 14:50:01] Checking agents...
No running tasks found.
[2026-03-12 15:00:01] Checking agents...
No running tasks found.
[2026-03-12 15:10:01] Checking agents...
No running tasks found.
[2026-03-12 15:20:01] Checking agents...
No running tasks found.
[2026-03-12 15:30:01] Checking agents...
No running tasks found.
[2026-03-12 15:40:01] Checking agents...
No running tasks found.
[2026-03-12 15:50:01] Checking agents...
No running tasks found.
[2026-03-12 16:00:01] Checking agents...
No running tasks found.
[2026-03-12 16:10:01] Checking agents...
No running tasks found.
[2026-03-12 16:20:02] Checking agents...
No running tasks found.
[2026-03-12 16:30:01] Checking agents...
No running tasks found.
[2026-03-12 16:40:01] Checking agents...
No running tasks found.
[2026-03-12 16:50:01] Checking agents...
No running tasks found.
[2026-03-12 17:00:01] Checking agents...
No running tasks found.
[2026-03-12 17:10:01] Checking agents...
No running tasks found.
[2026-03-12 17:20:01] Checking agents...
No running tasks found.
[2026-03-12 17:30:01] Checking agents...
No running tasks found.
[2026-03-12 17:40:01] Checking agents...
No running tasks found.
[2026-03-12 17:50:01] Checking agents...
No running tasks found.
[2026-03-12 18:00:01] Checking agents...
No running tasks found.
[2026-03-12 18:10:01] Checking agents...
No running tasks found.
[2026-03-12 18:20:01] Checking agents...
No running tasks found.
[2026-03-12 18:30:01] Checking agents...
No running tasks found.
[2026-03-12 18:40:01] Checking agents...
No running tasks found.
[2026-03-12 18:50:01] Checking agents...
No running tasks found.
[2026-03-12 19:00:01] Checking agents...
No running tasks found.
[2026-03-12 19:10:01] Checking agents...
No running tasks found.
[2026-03-12 19:20:01] Checking agents...
No running tasks found.
[2026-03-12 19:30:01] Checking agents...
No running tasks found.
[2026-03-12 19:40:01] Checking agents...
No running tasks found.
[2026-03-12 19:50:01] Checking agents...
No running tasks found.
[2026-03-12 20:00:01] Checking agents...
No running tasks found.
[2026-03-12 20:10:01] Checking agents...
No running tasks found.
[2026-03-12 20:20:01] Checking agents...
No running tasks found.
[2026-03-12 20:30:01] Checking agents...
No running tasks found.
[2026-03-12 20:40:01] Checking agents...
No running tasks found.
[2026-03-12 20:50:01] Checking agents...
No running tasks found.
[2026-03-12 21:00:01] Checking agents...
No running tasks found.
[2026-03-12 21:10:01] Checking agents...
No running tasks found.
[2026-03-12 21:20:01] Checking agents...
No running tasks found.
[2026-03-12 21:30:01] Checking agents...
No running tasks found.
[2026-03-12 21:40:01] Checking agents...
No running tasks found.
[2026-03-12 21:50:01] Checking agents...
No running tasks found.
[2026-03-12 22:00:01] Checking agents...
No running tasks found.
[2026-03-12 22:10:01] Checking agents...
No running tasks found.
[2026-03-12 22:20:01] Checking agents...
No running tasks found.
[2026-03-12 22:30:01] Checking agents...
No running tasks found.
[2026-03-12 22:40:01] Checking agents...
No running tasks found.
[2026-03-12 22:50:01] Checking agents...
No running tasks found.
[2026-03-12 23:00:01] Checking agents...
No running tasks found.
[2026-03-12 23:10:01] Checking agents...
No running tasks found.
[2026-03-12 23:20:01] Checking agents...
No running tasks found.
[2026-03-12 23:30:01] Checking agents...
No running tasks found.
[2026-03-12 23:40:01] Checking agents...
No running tasks found.
[2026-03-12 23:50:01] Checking agents...
No running tasks found.
[2026-03-13 00:00:01] Checking agents...
No running tasks found.
[2026-03-13 00:10:01] Checking agents...
No running tasks found.
[2026-03-13 00:20:01] Checking agents...
No running tasks found.
[2026-03-13 00:30:01] Checking agents...
No running tasks found.
[2026-03-13 00:40:01] Checking agents...
No running tasks found.
[2026-03-13 00:50:01] Checking agents...
No running tasks found.
[2026-03-13 01:00:01] Checking agents...
No running tasks found.
[2026-03-13 01:10:01] Checking agents...
No running tasks found.
[2026-03-13 01:20:01] Checking agents...
No running tasks found.
[2026-03-13 01:30:01] Checking agents...
No running tasks found.
[2026-03-13 01:40:01] Checking agents...
No running tasks found.
[2026-03-13 01:50:01] Checking agents...
No running tasks found.
[2026-03-13 02:00:01] Checking agents...
No running tasks found.
[2026-03-13 02:10:01] Checking agents...
No running tasks found.
[2026-03-13 02:20:01] Checking agents...
No running tasks found.
[2026-03-13 02:30:01] Checking agents...
No running tasks found.
[2026-03-13 02:40:01] Checking agents...
No running tasks found.
[2026-03-13 02:50:01] Checking agents...
No running tasks found.
[2026-03-13 03:00:01] Checking agents...
No running tasks found.
[2026-03-13 03:10:01] Checking agents...
No running tasks found.
[2026-03-13 03:20:01] Checking agents...
No running tasks found.
[2026-03-13 03:30:01] Checking agents...
No running tasks found.
[2026-03-13 03:40:01] Checking agents...
No running tasks found.
[2026-03-13 03:50:01] Checking agents...
No running tasks found.
[2026-03-13 04:00:01] Checking agents...
No running tasks found.
[2026-03-13 04:10:01] Checking agents...
No running tasks found.
[2026-03-13 04:20:01] Checking agents...
No running tasks found.
[2026-03-13 04:30:01] Checking agents...
No running tasks found.
[2026-03-13 04:40:01] Checking agents...
No running tasks found.
[2026-03-13 04:50:01] Checking agents...
No running tasks found.
[2026-03-13 05:00:01] Checking agents...
No running tasks found.
[2026-03-13 05:10:01] Checking agents...
No running tasks found.
[2026-03-13 05:20:01] Checking agents...
No running tasks found.
[2026-03-13 05:30:01] Checking agents...
No running tasks found.
[2026-03-13 05:40:01] Checking agents...
No running tasks found.
[2026-03-13 05:50:01] Checking agents...
No running tasks found.
[2026-03-13 06:00:01] Checking agents...
No running tasks found.
[2026-03-13 06:10:01] Checking agents...
No running tasks found.
[2026-03-13 06:20:01] Checking agents...
No running tasks found.
[2026-03-13 06:30:01] Checking agents...
No running tasks found.
[2026-03-13 06:40:01] Checking agents...
No running tasks found.
[2026-03-13 06:50:01] Checking agents...
No running tasks found.
[2026-03-13 07:00:01] Checking agents...
No running tasks found.
[2026-03-13 07:10:01] Checking agents...
No running tasks found.
[2026-03-13 07:20:01] Checking agents...
No running tasks found.
[2026-03-13 07:30:01] Checking agents...
No running tasks found.
[2026-03-13 07:40:01] Checking agents...
No running tasks found.
[2026-03-13 07:50:01] Checking agents...
No running tasks found.
[2026-03-13 08:00:01] Checking agents...
No running tasks found.
[2026-03-13 08:10:01] Checking agents...
No running tasks found.
[2026-03-13 08:20:01] Checking agents...
No running tasks found.
[2026-03-13 08:30:01] Checking agents...
No running tasks found.
[2026-03-13 08:40:01] Checking agents...
No running tasks found.
[2026-03-13 08:50:01] Checking agents...
No running tasks found.
[2026-03-13 09:00:01] Checking agents...
No running tasks found.
[2026-03-13 09:10:01] Checking agents...
No running tasks found.
[2026-03-13 09:20:01] Checking agents...
No running tasks found.
[2026-03-13 09:30:01] Checking agents...
No running tasks found.
[2026-03-13 09:40:01] Checking agents...
No running tasks found.
[2026-03-13 09:50:01] Checking agents...
No running tasks found.
[2026-03-13 10:00:01] Checking agents...
No running tasks found.
[2026-03-13 10:10:01] Checking agents...
No running tasks found.
[2026-03-13 10:20:01] Checking agents...
No running tasks found.
[2026-03-13 10:30:01] Checking agents...
No running tasks found.
[2026-03-13 10:40:01] Checking agents...
No running tasks found.
[2026-03-13 10:50:01] Checking agents...
No running tasks found.
[2026-03-13 11:00:01] Checking agents...
No running tasks found.
[2026-03-13 11:10:01] Checking agents...
No running tasks found.
[2026-03-13 11:20:01] Checking agents...
No running tasks found.
[2026-03-13 11:30:01] Checking agents...
No running tasks found.
[2026-03-13 11:40:01] Checking agents...
No running tasks found.
[2026-03-13 11:50:01] Checking agents...
No running tasks found.
[2026-03-13 12:00:01] Checking agents...
No running tasks found.
[2026-03-13 12:10:01] Checking agents...
No running tasks found.
[2026-03-13 12:20:01] Checking agents...
No running tasks found.
[2026-03-13 12:30:01] Checking agents...
No running tasks found.
[2026-03-13 12:40:01] Checking agents...
No running tasks found.
[2026-03-13 12:50:01] Checking agents...
No running tasks found.
[2026-03-13 13:00:01] Checking agents...
No running tasks found.
[2026-03-13 13:10:01] Checking agents...
No running tasks found.
[2026-03-13 13:20:01] Checking agents...
No running tasks found.
[2026-03-13 13:30:01] Checking agents...
No running tasks found.
[2026-03-13 13:40:02] Checking agents...
No running tasks found.
[2026-03-13 13:50:01] Checking agents...
No running tasks found.
[2026-03-13 14:00:01] Checking agents...
No running tasks found.
[2026-03-13 14:10:01] Checking agents...
No running tasks found.
[2026-03-13 14:20:01] Checking agents...
No running tasks found.
[2026-03-13 14:30:01] Checking agents...
No running tasks found.
[2026-03-13 14:40:01] Checking agents...
No running tasks found.
[2026-03-13 14:50:01] Checking agents...
No running tasks found.
[2026-03-13 15:00:01] Checking agents...
No running tasks found.
[2026-03-13 15:10:01] Checking agents...
No running tasks found.
[2026-03-13 15:20:01] Checking agents...
No running tasks found.
[2026-03-13 15:30:01] Checking agents...
No running tasks found.
[2026-03-13 15:40:01] Checking agents...
No running tasks found.
[2026-03-13 15:50:01] Checking agents...
No running tasks found.
[2026-03-13 16:00:01] Checking agents...
No running tasks found.
[2026-03-13 16:10:01] Checking agents...
No running tasks found.
[2026-03-13 16:20:01] Checking agents...
No running tasks found.
[2026-03-13 16:30:01] Checking agents...
No running tasks found.
[2026-03-13 16:40:01] Checking agents...
No running tasks found.
[2026-03-13 16:50:01] Checking agents...
No running tasks found.
[2026-03-13 17:00:01] Checking agents...
No running tasks found.
[2026-03-13 17:10:01] Checking agents...
No running tasks found.
[2026-03-13 17:20:01] Checking agents...
No running tasks found.
[2026-03-13 17:30:01] Checking agents...
No running tasks found.
[2026-03-13 17:40:01] Checking agents...
No running tasks found.
[2026-03-13 17:50:01] Checking agents...
No running tasks found.
[2026-03-13 18:00:01] Checking agents...
No running tasks found.
[2026-03-13 18:10:01] Checking agents...
No running tasks found.
[2026-03-13 18:20:01] Checking agents...
No running tasks found.
[2026-03-13 18:30:01] Checking agents...
No running tasks found.
[2026-03-13 18:40:01] Checking agents...
No running tasks found.
[2026-03-13 18:50:01] Checking agents...
No running tasks found.
[2026-03-13 19:00:01] Checking agents...
No running tasks found.
[2026-03-13 19:10:01] Checking agents...
No running tasks found.
[2026-03-13 19:20:01] Checking agents...
No running tasks found.
[2026-03-13 19:30:01] Checking agents...
No running tasks found.
[2026-03-13 19:40:01] Checking agents...
No running tasks found.
[2026-03-13 19:50:01] Checking agents...
No running tasks found.
[2026-03-13 20:00:01] Checking agents...
No running tasks found.
[2026-03-13 20:10:01] Checking agents...
No running tasks found.
[2026-03-13 20:20:01] Checking agents...
No running tasks found.
[2026-03-13 20:30:01] Checking agents...
No running tasks found.
[2026-03-13 20:40:01] Checking agents...
No running tasks found.
[2026-03-13 20:50:01] Checking agents...
No running tasks found.
[2026-03-13 21:00:01] Checking agents...
No running tasks found.
[2026-03-13 21:10:01] Checking agents...
No running tasks found.
[2026-03-13 21:20:01] Checking agents...
No running tasks found.
[2026-03-13 21:30:02] Checking agents...
No running tasks found.
[2026-03-13 21:40:01] Checking agents...
No running tasks found.
[2026-03-13 21:50:01] Checking agents...
No running tasks found.
[2026-03-13 22:00:01] Checking agents...
No running tasks found.
[2026-03-13 22:10:01] Checking agents...
No running tasks found.
[2026-03-13 22:20:01] Checking agents...
No running tasks found.
[2026-03-13 22:30:01] Checking agents...
No running tasks found.
[2026-03-13 22:40:01] Checking agents...
No running tasks found.
[2026-03-13 22:50:01] Checking agents...
No running tasks found.
[2026-03-13 23:00:01] Checking agents...
No running tasks found.
[2026-03-13 23:10:01] Checking agents...
No running tasks found.
[2026-03-13 23:20:01] Checking agents...
No running tasks found.
[2026-03-13 23:30:01] Checking agents...
No running tasks found.
[2026-03-13 23:40:01] Checking agents...
No running tasks found.
[2026-03-13 23:50:01] Checking agents...
No running tasks found.
[2026-03-14 00:00:01] Checking agents...
No running tasks found.
[2026-03-14 00:10:01] Checking agents...
No running tasks found.
[2026-03-14 00:20:01] Checking agents...
No running tasks found.
[2026-03-14 00:30:01] Checking agents...
No running tasks found.
[2026-03-14 00:40:01] Checking agents...
No running tasks found.
[2026-03-14 00:50:01] Checking agents...
No running tasks found.
[2026-03-14 01:00:01] Checking agents...
No running tasks found.
[2026-03-14 01:10:01] Checking agents...
No running tasks found.
[2026-03-14 01:20:01] Checking agents...
No running tasks found.
[2026-03-14 01:30:01] Checking agents...
No running tasks found.
[2026-03-14 01:40:01] Checking agents...
No running tasks found.
[2026-03-14 01:50:01] Checking agents...
No running tasks found.
[2026-03-14 02:00:01] Checking agents...
No running tasks found.
[2026-03-14 02:10:01] Checking agents...
No running tasks found.
[2026-03-14 02:20:01] Checking agents...
No running tasks found.
[2026-03-14 02:30:01] Checking agents...
No running tasks found.
[2026-03-14 02:40:01] Checking agents...
No running tasks found.
[2026-03-14 02:50:01] Checking agents...
No running tasks found.
[2026-03-14 03:00:01] Checking agents...
No running tasks found.
[2026-03-14 03:10:01] Checking agents...
No running tasks found.
[2026-03-14 03:20:01] Checking agents...
No running tasks found.
[2026-03-14 03:30:01] Checking agents...
No running tasks found.
[2026-03-14 03:40:01] Checking agents...
No running tasks found.
[2026-03-14 03:50:01] Checking agents...
No running tasks found.
[2026-03-14 04:00:01] Checking agents...
No running tasks found.
[2026-03-14 04:10:01] Checking agents...
No running tasks found.
[2026-03-14 04:20:01] Checking agents...
No running tasks found.
[2026-03-14 04:30:01] Checking agents...
No running tasks found.
[2026-03-14 04:40:01] Checking agents...
No running tasks found.
[2026-03-14 04:50:01] Checking agents...
No running tasks found.
[2026-03-14 05:00:01] Checking agents...
No running tasks found.
[2026-03-14 05:10:01] Checking agents...
No running tasks found.
[2026-03-14 05:20:01] Checking agents...
No running tasks found.
[2026-03-14 05:30:02] Checking agents...
No running tasks found.
[2026-03-14 05:40:01] Checking agents...
No running tasks found.
[2026-03-14 05:50:01] Checking agents...
No running tasks found.
[2026-03-14 06:00:01] Checking agents...
No running tasks found.
[2026-03-14 06:10:01] Checking agents...
No running tasks found.
[2026-03-14 06:20:01] Checking agents...
No running tasks found.
[2026-03-14 06:30:01] Checking agents...
No running tasks found.
[2026-03-14 06:40:01] Checking agents...
No running tasks found.
[2026-03-14 06:50:01] Checking agents...
No running tasks found.
[2026-03-14 07:00:01] Checking agents...
No running tasks found.
[2026-03-14 07:10:01] Checking agents...
No running tasks found.
[2026-03-14 07:20:01] Checking agents...
No running tasks found.
[2026-03-14 07:30:01] Checking agents...
No running tasks found.
[2026-03-14 07:40:01] Checking agents...
No running tasks found.
[2026-03-14 07:50:01] Checking agents...
No running tasks found.
[2026-03-14 08:00:01] Checking agents...
No running tasks found.
[2026-03-14 08:10:01] Checking agents...
No running tasks found.
[2026-03-14 08:20:01] Checking agents...
No running tasks found.
[2026-03-14 08:30:01] Checking agents...
No running tasks found.
[2026-03-14 08:40:01] Checking agents...
No running tasks found.
[2026-03-14 08:50:01] Checking agents...
No running tasks found.
[2026-03-14 09:00:01] Checking agents...
No running tasks found.
[2026-03-14 09:10:01] Checking agents...
No running tasks found.
[2026-03-14 09:20:01] Checking agents...
No running tasks found.
[2026-03-14 09:30:01] Checking agents...
No running tasks found.
[2026-03-14 09:40:01] Checking agents...
No running tasks found.
[2026-03-14 09:50:01] Checking agents...
No running tasks found.
[2026-03-14 10:00:01] Checking agents...
No running tasks found.
[2026-03-14 10:10:01] Checking agents...
No running tasks found.
[2026-03-14 10:20:01] Checking agents...
No running tasks found.
[2026-03-14 10:30:01] Checking agents...
No running tasks found.
[2026-03-14 10:40:01] Checking agents...
No running tasks found.
[2026-03-14 10:50:01] Checking agents...
No running tasks found.
[2026-03-14 11:00:01] Checking agents...
No running tasks found.
[2026-03-14 11:10:01] Checking agents...
No running tasks found.
[2026-03-14 11:20:01] Checking agents...
No running tasks found.
[2026-03-14 11:30:01] Checking agents...
No running tasks found.
[2026-03-14 11:40:01] Checking agents...
No running tasks found.
[2026-03-14 11:50:01] Checking agents...
No running tasks found.
[2026-03-14 12:00:01] Checking agents...
No running tasks found.
[2026-03-14 12:10:01] Checking agents...
No running tasks found.
[2026-03-14 12:20:01] Checking agents...
No running tasks found.
[2026-03-14 12:30:01] Checking agents...
No running tasks found.
[2026-03-14 12:40:01] Checking agents...
No running tasks found.
[2026-03-14 12:50:01] Checking agents...
No running tasks found.
[2026-03-14 13:00:01] Checking agents...
No running tasks found.
[2026-03-14 13:10:01] Checking agents...
No running tasks found.
[2026-03-14 13:20:01] Checking agents...
No running tasks found.
[2026-03-14 13:30:01] Checking agents...
No running tasks found.
[2026-03-14 13:40:01] Checking agents...
No running tasks found.
[2026-03-14 13:50:01] Checking agents...
No running tasks found.
[2026-03-14 14:00:01] Checking agents...
No running tasks found.
[2026-03-14 14:10:01] Checking agents...
No running tasks found.
[2026-03-14 14:20:01] Checking agents...
No running tasks found.
[2026-03-14 14:30:01] Checking agents...
No running tasks found.
[2026-03-14 14:40:01] Checking agents...
No running tasks found.
[2026-03-14 14:50:01] Checking agents...
No running tasks found.
[2026-03-14 15:00:01] Checking agents...
No running tasks found.
[2026-03-14 15:10:01] Checking agents...
No running tasks found.
[2026-03-14 15:20:01] Checking agents...
No running tasks found.
[2026-03-14 15:30:01] Checking agents...
No running tasks found.
[2026-03-14 15:40:01] Checking agents...
No running tasks found.
[2026-03-14 15:50:01] Checking agents...
No running tasks found.
[2026-03-14 16:00:01] Checking agents...
No running tasks found.
[2026-03-14 16:10:01] Checking agents...
No running tasks found.
[2026-03-14 16:20:01] Checking agents...
No running tasks found.
[2026-03-14 16:30:01] Checking agents...
No running tasks found.
[2026-03-14 16:40:01] Checking agents...
No running tasks found.
[2026-03-14 16:50:01] Checking agents...
No running tasks found.
[2026-03-14 17:00:01] Checking agents...
No running tasks found.
[2026-03-14 17:10:01] Checking agents...
No running tasks found.
[2026-03-14 17:20:01] Checking agents...
No running tasks found.
[2026-03-14 17:30:01] Checking agents...
No running tasks found.
[2026-03-14 17:40:01] Checking agents...
No running tasks found.
[2026-03-14 17:50:01] Checking agents...
No running tasks found.
[2026-03-14 18:00:01] Checking agents...
No running tasks found.
[2026-03-14 18:10:01] Checking agents...
No running tasks found.
[2026-03-14 18:20:01] Checking agents...
No running tasks found.
[2026-03-14 18:30:01] Checking agents...
No running tasks found.
[2026-03-14 18:40:01] Checking agents...
No running tasks found.
[2026-03-14 18:50:01] Checking agents...
No running tasks found.
[2026-03-14 19:00:01] Checking agents...
No running tasks found.
[2026-03-14 19:10:01] Checking agents...
No running tasks found.
[2026-03-14 19:20:01] Checking agents...
No running tasks found.
[2026-03-14 19:30:01] Checking agents...
No running tasks found.
[2026-03-14 19:40:01] Checking agents...
No running tasks found.
[2026-03-14 19:50:01] Checking agents...
No running tasks found.
[2026-03-14 20:00:01] Checking agents...
No running tasks found.
[2026-03-14 20:10:01] Checking agents...
No running tasks found.
[2026-03-14 20:20:01] Checking agents...
No running tasks found.
[2026-03-14 20:30:01] Checking agents...
No running tasks found.
[2026-03-14 20:40:01] Checking agents...
No running tasks found.
[2026-03-14 20:50:01] Checking agents...
No running tasks found.
[2026-03-14 21:00:01] Checking agents...
No running tasks found.
[2026-03-14 21:10:01] Checking agents...
No running tasks found.
[2026-03-14 21:20:01] Checking agents...
No running tasks found.
[2026-03-14 21:30:01] Checking agents...
No running tasks found.
[2026-03-14 21:40:02] Checking agents...
No running tasks found.
[2026-03-14 21:50:01] Checking agents...
No running tasks found.
[2026-03-14 22:00:01] Checking agents...
No running tasks found.
